<?xml version="1.0" encoding="UTF-8"?>
<!-- Generated by org.testng.reporters.JUnitXMLReporter -->
<testsuite ignored="2" hostname="DESKTOP-2JBFBCA" failures="1" tests="1" name="Swag Labs App Test Cases(failed)" time="4.936" errors="0" timestamp="30 Jan 2023 17:34:04 GMT">
  <testcase classname="swagLabs.testCases.LoginPageTest" name="loginPageTitleTest" time="0.059">
    <failure type="java.lang.AssertionError" message="expected [Swag Lab] but found [Swag Labs]">
      <![CDATA[java.lang.AssertionError: expected [Swag Lab] but found [Swag Labs]
	at swagLabs.testCases.LoginPageTest.loginPageTitleTest(LoginPageTest.java:31)
... Removed 31 stack frames]]>
    </failure>
  </testcase> <!-- loginPageTitleTest -->
  <testcase classname="swagLabs.testCases.LoginPageTest" name="swagLogoImageTest" time="0.0">
    <ignored/>
  </testcase> <!-- swagLogoImageTest -->
  <testcase classname="swagLabs.testCases.LoginPageTest" name="loginTest" time="0.0">
    <ignored/>
  </testcase> <!-- loginTest -->
</testsuite> <!-- Swag Labs App Test Cases(failed) -->
